# JRE version: OpenJDK Runtime Environment Temurin-11.0.17+8 (11.0.17+8) (build 11.0.17+8)
# Java VM: OpenJDK 64-Bit Server VM Temurin-11.0.17+8 (11.0.17+8, mixed mode, tiered, compressed oops, g1 gc, windows-amd64)
Heap:
 garbage-first heap   total 262144K, used 82751K [0x00000000c0000000, 0x0000000100000000)
  region size 1024K, 16 young (16384K), 11 survivors (11264K)
 Metaspace       used 99036K, capacity 106460K, committed 106532K, reserved 1142784K
  class space    used 11504K, capacity 13897K, committed 13952K, reserved 1048576K
GC Heap History (20 events):
Event: 0.813 GC heap before
{Heap before GC invocations=1 (full 0):
 garbage-first heap   total 262144K, used 16992K [0x00000000c0000000, 0x0000000100000000)
  region size 1024K, 12 young (12288K), 3 survivors (3072K)
 Metaspace       used 14334K, capacity 14531K, committed 14720K, reserved 1062912K
  class space    used 1308K, capacity 1346K, committed 1408K, reserved 1048576K
}
Event: 0.818 GC heap after
{Heap after GC invocations=2 (full 0):
 garbage-first heap   total 262144K, used 9971K [0x00000000c0000000, 0x0000000100000000)
  region size 1024K, 2 young (2048K), 2 survivors (2048K)
 Metaspace       used 14334K, capacity 14531K, committed 14720K, reserved 1062912K
  class space    used 1308K, capacity 1346K, committed 1408K, reserved 1048576K
}
Event: 2.248 GC heap before
{Heap before GC invocations=2 (full 0):
 garbage-first heap   total 262144K, used 35571K [0x00000000c0000000, 0x0000000100000000)
  region size 1024K, 24 young (24576K), 2 survivors (2048K)
 Metaspace       used 19482K, capacity 20382K, committed 20608K, reserved 1067008K
  class space    used 1866K, capacity 2165K, committed 2176K, reserved 1048576K
}
Event: 2.252 GC heap after
{Heap after GC invocations=3 (full 0):
 garbage-first heap   total 262144K, used 16925K [0x00000000c0000000, 0x0000000100000000)
  region size 1024K, 3 young (3072K), 3 survivors (3072K)
 Metaspace       used 19482K, capacity 20382K, committed 20608K, reserved 1067008K
  class space    used 1866K, capacity 2165K, committed 2176K, reserved 1048576K
}
Event: 3.903 GC heap before
{Heap before GC invocations=3 (full 0):
 garbage-first heap   total 262144K, used 33309K [0x00000000c0000000, 0x0000000100000000)
  region size 1024K, 20 young (20480K), 3 survivors (3072K)
 Metaspace       used 20133K, capacity 21174K, committed 21248K, reserved 1069056K
  class space    used 1935K, capacity 2285K, committed 2304K, reserved 1048576K
}
Event: 3.907 GC heap after
{Heap after GC invocations=4 (full 0):
 garbage-first heap   total 262144K, used 21865K [0x00000000c0000000, 0x0000000100000000)
  region size 1024K, 7 young (7168K), 7 survivors (7168K)
 Metaspace       used 20133K, capacity 21174K, committed 21248K, reserved 1069056K
  class space    used 1935K, capacity 2285K, committed 2304K, reserved 1048576K
}
Event: 8.541 GC heap before
{Heap before GC invocations=5 (full 0):
 garbage-first heap   total 262144K, used 66921K [0x00000000c0000000, 0x0000000100000000)
  region size 1024K, 52 young (53248K), 7 survivors (7168K)
 Metaspace       used 33003K, capacity 35497K, committed 35584K, reserved 1081344K
  class space    used 3459K, capacity 4284K, committed 4352K, reserved 1048576K
}
Event: 8.552 GC heap after
{Heap after GC invocations=6 (full 0):
 garbage-first heap   total 262144K, used 18294K [0x00000000c0000000, 0x0000000100000000)
  region size 1024K, 7 young (7168K), 7 survivors (7168K)
 Metaspace       used 33003K, capacity 35497K, committed 35584K, reserved 1081344K
  class space    used 3459K, capacity 4284K, committed 4352K, reserved 1048576K
}
Event: 13.810 GC heap before
{Heap before GC invocations=7 (full 0):
 garbage-first heap   total 262144K, used 103286K [0x00000000c0000000, 0x0000000100000000)
  region size 1024K, 85 young (87040K), 7 survivors (7168K)
 Metaspace       used 50873K, capacity 55116K, committed 55168K, reserved 1097728K
  class space    used 5605K, capacity 6992K, committed 7040K, reserved 1048576K
}
Event: 13.824 GC heap after
{Heap after GC invocations=8 (full 0):
 garbage-first heap   total 262144K, used 35919K [0x00000000c0000000, 0x0000000100000000)
  region size 1024K, 11 young (11264K), 11 survivors (11264K)
 Metaspace       used 50873K, capacity 55116K, committed 55168K, reserved 1097728K
  class space    used 5605K, capacity 6992K, committed 7040K, reserved 1048576K
}
Event: 14.294 GC heap before
{Heap before GC invocations=8 (full 0):
 garbage-first heap   total 262144K, used 61519K [0x00000000c0000000, 0x0000000100000000)
  region size 1024K, 37 young (37888K), 11 survivors (11264K)
 Metaspace       used 55161K, capacity 59588K, committed 59648K, reserved 1101824K
  class space    used 6120K, capacity 7637K, committed 7680K, reserved 1048576K
}
Event: 14.307 GC heap after
{Heap after GC invocations=9 (full 0):
 garbage-first heap   total 262144K, used 39800K [0x00000000c0000000, 0x0000000100000000)
  region size 1024K, 4 young (4096K), 4 survivors (4096K)
 Metaspace       used 55161K, capacity 59588K, committed 59648K, reserved 1101824K
  class space    used 6120K, capacity 7637K, committed 7680K, reserved 1048576K
}
Event: 17.166 GC heap before
{Heap before GC invocations=10 (full 0):
 garbage-first heap   total 262144K, used 128888K [0x00000000c0000000, 0x0000000100000000)
  region size 1024K, 91 young (93184K), 4 survivors (4096K)
 Metaspace       used 73207K, capacity 79601K, committed 79780K, reserved 1118208K
  class space    used 8336K, capacity 10383K, committed 10496K, reserved 1048576K
}
Event: 17.181 GC heap after
{Heap after GC invocations=11 (full 0):
 garbage-first heap   total 262144K, used 45217K [0x00000000c0000000, 0x0000000100000000)
  region size 1024K, 12 young (12288K), 12 survivors (12288K)
 Metaspace       used 73207K, capacity 79601K, committed 79780K, reserved 1118208K
  class space    used 8336K, capacity 10383K, committed 10496K, reserved 1048576K
}
Event: 19.196 GC heap before
{Heap before GC invocations=12 (full 0):
 garbage-first heap   total 262144K, used 144545K [0x00000000c0000000, 0x0000000100000000)
  region size 1024K, 109 young (111616K), 12 survivors (12288K)
 Metaspace       used 83276K, capacity 90132K, committed 90148K, reserved 1128448K
  class space    used 9641K, capacity 11889K, committed 11904K, reserved 1048576K
}
Event: 19.215 GC heap after
{Heap after GC invocations=13 (full 0):
 garbage-first heap   total 262144K, used 53606K [0x00000000c0000000, 0x0000000100000000)
  region size 1024K, 10 young (10240K), 10 survivors (10240K)
 Metaspace       used 83276K, capacity 90132K, committed 90148K, reserved 1128448K
  class space    used 9641K, capacity 11889K, committed 11904K, reserved 1048576K
}
Event: 20.214 GC heap before
{Heap before GC invocations=13 (full 0):
 garbage-first heap   total 262144K, used 163174K [0x00000000c0000000, 0x0000000100000000)
  region size 1024K, 117 young (119808K), 10 survivors (10240K)
 Metaspace       used 87184K, capacity 93970K, committed 94116K, reserved 1130496K
  class space    used 10057K, capacity 12285K, committed 12288K, reserved 1048576K
}
Event: 20.228 GC heap after
{Heap after GC invocations=14 (full 0):
 garbage-first heap   total 262144K, used 63301K [0x00000000c0000000, 0x0000000100000000)
  region size 1024K, 10 young (10240K), 10 survivors (10240K)
 Metaspace       used 87184K, capacity 93970K, committed 94116K, reserved 1130496K
  class space    used 10057K, capacity 12285K, committed 12288K, reserved 1048576K
}
Event: 24.469 GC heap before
{Heap before GC invocations=14 (full 0):
 garbage-first heap   total 262144K, used 182085K [0x00000000c0000000, 0x0000000100000000)
  region size 1024K, 122 young (124928K), 10 survivors (10240K)
 Metaspace       used 98897K, capacity 106326K, committed 106532K, reserved 1142784K
  class space    used 11487K, capacity 13896K, committed 13952K, reserved 1048576K
}
Event: 24.488 GC heap after
{Heap after GC invocations=15 (full 0):
 garbage-first heap   total 262144K, used 78655K [0x00000000c0000000, 0x0000000100000000)
  region size 1024K, 11 young (11264K), 11 survivors (11264K)
 Metaspace       used 98897K, capacity 106326K, committed 106532K, reserved 1142784K
  class space    used 11487K, capacity 13896K, committed 13952K, reserved 1048576K
}

